<?xml version="1.0" encoding="utf-8"?>
<CoverageSession xmlns:xsd="http://www.w3.org/2001/XMLSchema" xmlns:xsi="http://www.w3.org/2001/XMLSchema-instance">
  <Summary numSequencePoints="0" visitedSequencePoints="0" numBranchPoints="0" visitedBranchPoints="0" sequenceCoverage="0" branchCoverage="0" maxCyclomaticComplexity="0" minCyclomaticComplexity="0" visitedClasses="0" numClasses="0" visitedMethods="0" numMethods="0" />
  <Modules>
    <Module skippedDueTo="Filter" hash="85-E1-3A-6F-E9-7C-47-DF-84-68-3C-E4-DF-04-C4-B5-14-04-06-0B">
      <ModulePath>C:\windows\Microsoft.Net\assembly\GAC_64\mscorlib\v4.0_4.0.0.0__b77a5c561934e089\mscorlib.dll</ModulePath>
      <ModuleTime>2018-12-11T02:25:09.774448Z</ModuleTime>
      <ModuleName>mscorlib</ModuleName>
      <Classes />
    </Module>
    <Module skippedDueTo="MissingPdb" hash="86-E9-3D-3D-7C-09-09-11-61-67-42-C6-1E-4B-75-FF-C4-1C-03-96">
      <ModulePath>C:\Projects\ASP.NET-master\CICDSolution\MVCApp\packages\NUnit.ConsoleRunner.3.8.0\tools\nunit3-console.exe</ModulePath>
      <ModuleTime>2019-03-02T09:39:53.2350084Z</ModuleTime>
      <ModuleName>nunit3-console</ModuleName>
      <Classes />
    </Module>
    <Module skippedDueTo="Filter" hash="7A-24-3E-D9-15-32-FC-F3-C0-F1-06-F7-A8-6E-47-12-9D-C1-3B-52">
      <ModulePath>C:\windows\Microsoft.Net\assembly\GAC_MSIL\System\v4.0_4.0.0.0__b77a5c561934e089\System.dll</ModulePath>
      <ModuleTime>2019-01-08T03:06:26.0275995Z</ModuleTime>
      <ModuleName>System</ModuleName>
      <Classes />
    </Module>
    <Module skippedDueTo="MissingPdb" hash="69-9F-B9-2A-31-8E-15-10-23-38-9F-B9-6D-CF-51-EC-D4-AD-21-5A">
      <ModulePath>C:\windows\System32\CrowdStrike.Sensor.ScriptControl8504.dll</ModulePath>
      <ModuleTime>2019-02-27T22:02:48Z</ModuleTime>
      <ModuleName>CrowdStrike.Sensor.ScriptControl</ModuleName>
      <Classes />
    </Module>
    <Module skippedDueTo="MissingPdb" hash="C1-08-CD-F2-59-9C-E6-0B-62-F9-09-43-74-9F-8D-57-9D-A9-93-31">
      <ModulePath>C:\Projects\ASP.NET-master\CICDSolution\MVCApp\packages\NUnit.ConsoleRunner.3.8.0\tools\nunit.engine.api.dll</ModulePath>
      <ModuleTime>2019-03-02T09:39:53.2280287Z</ModuleTime>
      <ModuleName>nunit.engine.api</ModuleName>
      <Classes />
    </Module>
  </Modules>
</CoverageSession>